<?xml version="1.0" encoding="UTF-8"?>
<coverage generated="1758802949637" clover="3.2.0">
  <project timestamp="1758802949638" name="All files">
    <metrics statements="86" coveredstatements="85" conditionals="42" coveredconditionals="36" methods="27" coveredmethods="26" elements="155" coveredelements="147" complexity="0" loc="86" ncloc="86" packages="3" files="6" classes="6"/>
    <package name="components">
      <metrics statements="47" coveredstatements="47" conditionals="26" coveredconditionals="25" methods="13" coveredmethods="13"/>
      <file name="CharacterCard.tsx" path="/opt/repos/react-optimization-accesibility/react-optimization-accesibility/src/components/CharacterCard.tsx">
        <metrics statements="8" coveredstatements="8" conditionals="3" coveredconditionals="3" methods="2" coveredmethods="2"/>
        <line num="8" count="1" type="stmt"/>
        <line num="9" count="5" type="stmt"/>
        <line num="10" count="5" type="cond" truecount="3" falsecount="0"/>
        <line num="12" count="3" type="stmt"/>
        <line num="14" count="1" type="stmt"/>
        <line num="16" count="1" type="stmt"/>
        <line num="20" count="5" type="stmt"/>
        <line num="43" count="1" type="stmt"/>
      </file>
      <file name="LoadingSpinner.tsx" path="/opt/repos/react-optimization-accesibility/react-optimization-accesibility/src/components/LoadingSpinner.tsx">
        <metrics statements="3" coveredstatements="3" conditionals="0" coveredconditionals="0" methods="1" coveredmethods="1"/>
        <line num="3" count="1" type="stmt"/>
        <line num="4" count="2" type="stmt"/>
        <line num="11" count="1" type="stmt"/>
      </file>
      <file name="Pagination.tsx" path="/opt/repos/react-optimization-accesibility/react-optimization-accesibility/src/components/Pagination.tsx">
        <metrics statements="24" coveredstatements="24" conditionals="20" coveredconditionals="19" methods="6" coveredmethods="6"/>
        <line num="11" count="1" type="stmt"/>
        <line num="18" count="8" type="stmt"/>
        <line num="19" count="7" type="stmt"/>
        <line num="20" count="7" type="stmt"/>
        <line num="21" count="7" type="stmt"/>
        <line num="23" count="7" type="stmt"/>
        <line num="24" count="7" type="stmt"/>
        <line num="28" count="16" type="stmt"/>
        <line num="31" count="7" type="cond" truecount="2" falsecount="0"/>
        <line num="32" count="1" type="stmt"/>
        <line num="34" count="6" type="stmt"/>
        <line num="37" count="7" type="stmt"/>
        <line num="39" count="7" type="cond" truecount="2" falsecount="0"/>
        <line num="40" count="4" type="stmt"/>
        <line num="41" count="3" type="cond" truecount="1" falsecount="1"/>
        <line num="42" count="3" type="stmt"/>
        <line num="45" count="7" type="stmt"/>
        <line num="48" count="8" type="cond" truecount="2" falsecount="0"/>
        <line num="50" count="7" type="stmt"/>
        <line num="53" count="1" type="cond" truecount="2" falsecount="0"/>
        <line num="60" count="35" type="cond" truecount="2" falsecount="0"/>
        <line num="67" count="1" type="stmt"/>
        <line num="80" count="1" type="cond" truecount="2" falsecount="0"/>
        <line num="89" count="1" type="stmt"/>
      </file>
      <file name="SearchBar.tsx" path="/opt/repos/react-optimization-accesibility/react-optimization-accesibility/src/components/SearchBar.tsx">
        <metrics statements="12" coveredstatements="12" conditionals="3" coveredconditionals="3" methods="4" coveredmethods="4"/>
        <line num="1" count="1" type="stmt"/>
        <line num="8" count="1" type="cond" truecount="1" falsecount="0"/>
        <line num="9" count="33" type="stmt"/>
        <line num="11" count="33" type="stmt"/>
        <line num="12" count="3" type="stmt"/>
        <line num="13" count="3" type="stmt"/>
        <line num="16" count="33" type="stmt"/>
        <line num="17" count="1" type="stmt"/>
        <line num="18" count="1" type="stmt"/>
        <line num="21" count="33" type="stmt"/>
        <line num="28" count="25" type="stmt"/>
        <line num="53" count="1" type="stmt"/>
      </file>
    </package>
    <package name="hooks">
      <metrics statements="22" coveredstatements="21" conditionals="6" coveredconditionals="5" methods="9" coveredmethods="8"/>
      <file name="useCharacters.ts" path="/opt/repos/react-optimization-accesibility/react-optimization-accesibility/src/hooks/useCharacters.ts">
        <metrics statements="22" coveredstatements="21" conditionals="6" coveredconditionals="5" methods="9" coveredmethods="8"/>
        <line num="1" count="1" type="stmt"/>
        <line num="3" count="1" type="stmt"/>
        <line num="17" count="1" type="stmt"/>
        <line num="18" count="14" type="stmt"/>
        <line num="30" count="14" type="stmt"/>
        <line num="32" count="14" type="cond" truecount="2" falsecount="0"/>
        <line num="33" count="6" type="stmt"/>
        <line num="35" count="6" type="stmt"/>
        <line num="38" count="6" type="cond" truecount="2" falsecount="0"/>
        <line num="39" count="1" type="stmt"/>
        <line num="41" count="5" type="stmt"/>
        <line num="44" count="5" type="stmt"/>
        <line num="56" count="1" type="stmt"/>
        <line num="71" count="14" type="stmt"/>
        <line num="72" count="1" type="stmt"/>
        <line num="73" count="1" type="stmt"/>
        <line num="76" count="14" type="stmt"/>
        <line num="77" count="1" type="stmt"/>
        <line num="80" count="14" type="stmt"/>
        <line num="81" count="4" type="stmt"/>
        <line num="84" count="14" type="stmt"/>
        <line num="88" count="0" type="stmt"/>
      </file>
    </package>
    <package name="services">
      <metrics statements="17" coveredstatements="17" conditionals="10" coveredconditionals="6" methods="5" coveredmethods="5"/>
      <file name="mockApi.ts" path="/opt/repos/react-optimization-accesibility/react-optimization-accesibility/src/services/mockApi.ts">
        <metrics statements="17" coveredstatements="17" conditionals="10" coveredconditionals="6" methods="5" coveredmethods="5"/>
        <line num="4" count="1" type="stmt"/>
        <line num="119" count="7" type="stmt"/>
        <line num="121" count="1" type="stmt"/>
        <line num="123" count="3" type="stmt"/>
        <line num="124" count="3" type="stmt"/>
        <line num="125" count="3" type="stmt"/>
        <line num="126" count="3" type="stmt"/>
        <line num="127" count="3" type="stmt"/>
        <line num="129" count="3" type="stmt"/>
        <line num="141" count="4" type="stmt"/>
        <line num="142" count="4" type="stmt"/>
        <line num="143" count="32" type="stmt"/>
        <line num="146" count="4" type="stmt"/>
        <line num="147" count="4" type="stmt"/>
        <line num="148" count="4" type="stmt"/>
        <line num="149" count="4" type="stmt"/>
        <line num="151" count="4" type="stmt"/>
      </file>
    </package>
  </project>
</coverage>
