{"/opt/repos/react-optimization-accesibility/react-optimization-accesibility/src/components/CharacterCard.tsx": {"path":"/opt/repos/react-optimization-accesibility/react-optimization-accesibility/src/components/CharacterCard.tsx","statementMap":{"0":{"start":{"line":8,"column":52},"end":{"line":41,"column":1}},"1":{"start":{"line":9,"column":25},"end":{"line":18,"column":3}},"2":{"start":{"line":10,"column":4},"end":{"line":17,"column":5}},"3":{"start":{"line":12,"column":8},"end":{"line":12,"column":30}},"4":{"start":{"line":14,"column":8},"end":{"line":14,"column":28}},"5":{"start":{"line":16,"column":8},"end":{"line":16,"column":29}},"6":{"start":{"line":20,"column":2},"end":{"line":40,"column":4}},"7":{"start":{"line":43,"column":0},"end":{"line":43,"column":29}}},"fnMap":{"0":{"name":"(anonymous_0)","decl":{"start":{"line":8,"column":52},"end":{"line":8,"column":53}},"loc":{"start":{"line":8,"column":70},"end":{"line":41,"column":1}}},"1":{"name":"(anonymous_1)","decl":{"start":{"line":9,"column":25},"end":{"line":9,"column":26}},"loc":{"start":{"line":9,"column":44},"end":{"line":18,"column":3}}}},"branchMap":{"0":{"loc":{"start":{"line":10,"column":4},"end":{"line":17,"column":5}},"type":"switch","locations":[{"start":{"line":11,"column":6},"end":{"line":12,"column":30}},{"start":{"line":13,"column":6},"end":{"line":14,"column":28}},{"start":{"line":15,"column":6},"end":{"line":16,"column":29}}]}},"s":{"0":1,"1":5,"2":5,"3":3,"4":1,"5":1,"6":5,"7":1},"f":{"0":5,"1":5},"b":{"0":[3,1,1]}}
,"/opt/repos/react-optimization-accesibility/react-optimization-accesibility/src/components/LoadingSpinner.tsx": {"path":"/opt/repos/react-optimization-accesibility/react-optimization-accesibility/src/components/LoadingSpinner.tsx","statementMap":{"0":{"start":{"line":3,"column":33},"end":{"line":9,"column":1}},"1":{"start":{"line":4,"column":2},"end":{"line":8,"column":4}},"2":{"start":{"line":11,"column":0},"end":{"line":11,"column":30}}},"fnMap":{"0":{"name":"(anonymous_0)","decl":{"start":{"line":3,"column":33},"end":{"line":3,"column":36}},"loc":{"start":{"line":3,"column":38},"end":{"line":9,"column":1}}}},"branchMap":{},"s":{"0":1,"1":2,"2":1},"f":{"0":2},"b":{}}
,"/opt/repos/react-optimization-accesibility/react-optimization-accesibility/src/components/Pagination.tsx": {"path":"/opt/repos/react-optimization-accesibility/react-optimization-accesibility/src/components/Pagination.tsx","statementMap":{"0":{"start":{"line":11,"column":46},"end":{"line":87,"column":1}},"1":{"start":{"line":18,"column":26},"end":{"line":46,"column":3}},"2":{"start":{"line":19,"column":18},"end":{"line":19,"column":19}},"3":{"start":{"line":20,"column":18},"end":{"line":20,"column":20}},"4":{"start":{"line":21,"column":26},"end":{"line":21,"column":28}},"5":{"start":{"line":23,"column":4},"end":{"line":29,"column":5}},"6":{"start":{"line":24,"column":14},"end":{"line":24,"column":46}},"7":{"start":{"line":28,"column":6},"end":{"line":28,"column":20}},"8":{"start":{"line":31,"column":4},"end":{"line":35,"column":5}},"9":{"start":{"line":32,"column":6},"end":{"line":32,"column":35}},"10":{"start":{"line":34,"column":6},"end":{"line":34,"column":28}},"11":{"start":{"line":37,"column":4},"end":{"line":37,"column":33}},"12":{"start":{"line":39,"column":4},"end":{"line":43,"column":5}},"13":{"start":{"line":40,"column":6},"end":{"line":40,"column":44}},"14":{"start":{"line":41,"column":11},"end":{"line":43,"column":5}},"15":{"start":{"line":42,"column":6},"end":{"line":42,"column":37}},"16":{"start":{"line":45,"column":4},"end":{"line":45,"column":25}},"17":{"start":{"line":48,"column":2},"end":{"line":48,"column":35}},"18":{"start":{"line":48,"column":23},"end":{"line":48,"column":35}},"19":{"start":{"line":50,"column":2},"end":{"line":86,"column":4}},"20":{"start":{"line":53,"column":23},"end":{"line":53,"column":63}},"21":{"start":{"line":60,"column":8},"end":{"line":75,"column":null}},"22":{"start":{"line":67,"column":27},"end":{"line":67,"column":45}},"23":{"start":{"line":80,"column":23},"end":{"line":80,"column":63}},"24":{"start":{"line":89,"column":0},"end":{"line":89,"column":26}}},"fnMap":{"0":{"name":"(anonymous_0)","decl":{"start":{"line":11,"column":46},"end":{"line":11,"column":47}},"loc":{"start":{"line":17,"column":5},"end":{"line":87,"column":1}}},"1":{"name":"(anonymous_1)","decl":{"start":{"line":18,"column":26},"end":{"line":18,"column":29}},"loc":{"start":{"line":18,"column":31},"end":{"line":46,"column":3}}},"2":{"name":"(anonymous_2)","decl":{"start":{"line":53,"column":17},"end":{"line":53,"column":20}},"loc":{"start":{"line":53,"column":23},"end":{"line":53,"column":63}}},"3":{"name":"(anonymous_3)","decl":{"start":{"line":59,"column":29},"end":{"line":59,"column":30}},"loc":{"start":{"line":60,"column":8},"end":{"line":75,"column":null}}},"4":{"name":"(anonymous_4)","decl":{"start":{"line":67,"column":21},"end":{"line":67,"column":24}},"loc":{"start":{"line":67,"column":27},"end":{"line":67,"column":45}}},"5":{"name":"(anonymous_5)","decl":{"start":{"line":80,"column":17},"end":{"line":80,"column":20}},"loc":{"start":{"line":80,"column":23},"end":{"line":80,"column":63}}}},"branchMap":{"0":{"loc":{"start":{"line":31,"column":4},"end":{"line":35,"column":5}},"type":"if","locations":[{"start":{"line":31,"column":4},"end":{"line":35,"column":5}},{"start":{"line":33,"column":11},"end":{"line":35,"column":5}}]},"1":{"loc":{"start":{"line":39,"column":4},"end":{"line":43,"column":5}},"type":"if","locations":[{"start":{"line":39,"column":4},"end":{"line":43,"column":5}},{"start":{"line":41,"column":11},"end":{"line":43,"column":5}}]},"2":{"loc":{"start":{"line":41,"column":11},"end":{"line":43,"column":5}},"type":"if","locations":[{"start":{"line":41,"column":11},"end":{"line":43,"column":5}},{"start":{},"end":{}}]},"3":{"loc":{"start":{"line":48,"column":2},"end":{"line":48,"column":35}},"type":"if","locations":[{"start":{"line":48,"column":2},"end":{"line":48,"column":35}},{"start":{},"end":{}}]},"4":{"loc":{"start":{"line":53,"column":23},"end":{"line":53,"column":63}},"type":"binary-expr","locations":[{"start":{"line":53,"column":23},"end":{"line":53,"column":30}},{"start":{"line":53,"column":34},"end":{"line":53,"column":63}}]},"5":{"loc":{"start":{"line":54,"column":121},"end":{"line":54,"column":168}},"type":"cond-expr","locations":[{"start":{"line":54,"column":132},"end":{"line":54,"column":163}},{"start":{"line":54,"column":166},"end":{"line":54,"column":168}}]},"6":{"loc":{"start":{"line":60,"column":8},"end":{"line":75,"column":null}},"type":"cond-expr","locations":[{"start":{"line":61,"column":10},"end":{"line":61,"column":28}},{"start":{"line":65,"column":10},"end":{"line":66,"column":null}}]},"7":{"loc":{"start":{"line":69,"column":14},"end":{"line":71,"column":null}},"type":"cond-expr","locations":[{"start":{"line":70,"column":18},"end":{"line":70,"column":42}},{"start":{"line":71,"column":18},"end":{"line":71,"column":null}}]},"8":{"loc":{"start":{"line":80,"column":23},"end":{"line":80,"column":63}},"type":"binary-expr","locations":[{"start":{"line":80,"column":23},"end":{"line":80,"column":30}},{"start":{"line":80,"column":34},"end":{"line":80,"column":63}}]},"9":{"loc":{"start":{"line":81,"column":121},"end":{"line":81,"column":168}},"type":"cond-expr","locations":[{"start":{"line":81,"column":132},"end":{"line":81,"column":163}},{"start":{"line":81,"column":166},"end":{"line":81,"column":168}}]}},"s":{"0":1,"1":8,"2":7,"3":7,"4":7,"5":7,"6":7,"7":16,"8":7,"9":1,"10":6,"11":7,"12":7,"13":4,"14":3,"15":3,"16":7,"17":8,"18":1,"19":7,"20":1,"21":35,"22":1,"23":1,"24":1},"f":{"0":8,"1":7,"2":1,"3":35,"4":1,"5":1},"b":{"0":[1,6],"1":[4,3],"2":[3,0],"3":[1,7],"4":[1,1],"5":[4,3],"6":[5,30],"7":[7,23],"8":[1,1],"9":[1,6]}}
,"/opt/repos/react-optimization-accesibility/react-optimization-accesibility/src/components/SearchBar.tsx": {"path":"/opt/repos/react-optimization-accesibility/react-optimization-accesibility/src/components/SearchBar.tsx","statementMap":{"0":{"start":{"line":1,"column":0},"end":{"line":1,"column":40}},"1":{"start":{"line":8,"column":44},"end":{"line":51,"column":1}},"2":{"start":{"line":9,"column":28},"end":{"line":9,"column":40}},"3":{"start":{"line":11,"column":23},"end":{"line":14,"column":3}},"4":{"start":{"line":12,"column":4},"end":{"line":12,"column":23}},"5":{"start":{"line":13,"column":4},"end":{"line":13,"column":27}},"6":{"start":{"line":16,"column":22},"end":{"line":19,"column":3}},"7":{"start":{"line":17,"column":4},"end":{"line":17,"column":17}},"8":{"start":{"line":18,"column":4},"end":{"line":18,"column":17}},"9":{"start":{"line":21,"column":2},"end":{"line":50,"column":4}},"10":{"start":{"line":28,"column":29},"end":{"line":28,"column":53}},"11":{"start":{"line":53,"column":0},"end":{"line":53,"column":25}}},"fnMap":{"0":{"name":"(anonymous_0)","decl":{"start":{"line":8,"column":44},"end":{"line":8,"column":45}},"loc":{"start":{"line":8,"column":80},"end":{"line":51,"column":1}}},"1":{"name":"(anonymous_1)","decl":{"start":{"line":11,"column":23},"end":{"line":11,"column":24}},"loc":{"start":{"line":11,"column":46},"end":{"line":14,"column":3}}},"2":{"name":"(anonymous_2)","decl":{"start":{"line":16,"column":22},"end":{"line":16,"column":25}},"loc":{"start":{"line":16,"column":27},"end":{"line":19,"column":3}}},"3":{"name":"(anonymous_3)","decl":{"start":{"line":28,"column":22},"end":{"line":28,"column":23}},"loc":{"start":{"line":28,"column":29},"end":{"line":28,"column":53}}}},"branchMap":{"0":{"loc":{"start":{"line":8,"column":57},"end":{"line":8,"column":74}},"type":"default-arg","locations":[{"start":{"line":8,"column":69},"end":{"line":8,"column":74}}]},"1":{"loc":{"start":{"line":33,"column":11},"end":{"line":39,"column":null}},"type":"binary-expr","locations":[{"start":{"line":33,"column":11},"end":{"line":33,"column":16}},{"start":{"line":34,"column":12},"end":{"line":36,"column":null}}]}},"s":{"0":1,"1":1,"2":33,"3":33,"4":3,"5":3,"6":33,"7":1,"8":1,"9":33,"10":25,"11":1},"f":{"0":33,"1":3,"2":1,"3":25},"b":{"0":[32],"1":[33,25]}}
,"/opt/repos/react-optimization-accesibility/react-optimization-accesibility/src/hooks/useCharacters.ts": {"path":"/opt/repos/react-optimization-accesibility/react-optimization-accesibility/src/hooks/useCharacters.ts","statementMap":{"0":{"start":{"line":1,"column":0},"end":{"line":1,"column":57}},"1":{"start":{"line":3,"column":0},"end":{"line":3,"column":62}},"2":{"start":{"line":17,"column":29},"end":{"line":90,"column":1}},"3":{"start":{"line":18,"column":28},"end":{"line":28,"column":4}},"4":{"start":{"line":30,"column":40},"end":{"line":30,"column":52}},"5":{"start":{"line":32,"column":26},"end":{"line":69,"column":8}},"6":{"start":{"line":33,"column":4},"end":{"line":33,"column":64}},"7":{"start":{"line":33,"column":22},"end":{"line":33,"column":61}},"8":{"start":{"line":35,"column":4},"end":{"line":68,"column":5}},"9":{"start":{"line":38,"column":6},"end":{"line":42,"column":7}},"10":{"start":{"line":39,"column":8},"end":{"line":39,"column":71}},"11":{"start":{"line":41,"column":8},"end":{"line":41,"column":61}},"12":{"start":{"line":44,"column":6},"end":{"line":54,"column":10}},"13":{"start":{"line":44,"column":24},"end":{"line":54,"column":8}},"14":{"start":{"line":56,"column":6},"end":{"line":67,"column":10}},"15":{"start":{"line":56,"column":24},"end":{"line":67,"column":8}},"16":{"start":{"line":71,"column":23},"end":{"line":74,"column":23}},"17":{"start":{"line":72,"column":4},"end":{"line":72,"column":26}},"18":{"start":{"line":73,"column":4},"end":{"line":73,"column":30}},"19":{"start":{"line":76,"column":27},"end":{"line":78,"column":36}},"20":{"start":{"line":77,"column":4},"end":{"line":77,"column":39}},"21":{"start":{"line":80,"column":2},"end":{"line":82,"column":24}},"22":{"start":{"line":81,"column":4},"end":{"line":81,"column":22}},"23":{"start":{"line":84,"column":2},"end":{"line":89,"column":4}},"24":{"start":{"line":88,"column":19},"end":{"line":88,"column":77}},"25":{"start":{"line":17,"column":13},"end":{"line":17,"column":29}}},"fnMap":{"0":{"name":"(anonymous_0)","decl":{"start":{"line":17,"column":29},"end":{"line":17,"column":32}},"loc":{"start":{"line":17,"column":34},"end":{"line":90,"column":1}}},"1":{"name":"(anonymous_1)","decl":{"start":{"line":32,"column":38},"end":{"line":32,"column":43}},"loc":{"start":{"line":32,"column":85},"end":{"line":69,"column":3}}},"2":{"name":"(anonymous_2)","decl":{"start":{"line":33,"column":13},"end":{"line":33,"column":17}},"loc":{"start":{"line":33,"column":22},"end":{"line":33,"column":61}}},"3":{"name":"(anonymous_3)","decl":{"start":{"line":44,"column":15},"end":{"line":44,"column":19}},"loc":{"start":{"line":44,"column":24},"end":{"line":54,"column":8}}},"4":{"name":"(anonymous_4)","decl":{"start":{"line":56,"column":15},"end":{"line":56,"column":19}},"loc":{"start":{"line":56,"column":24},"end":{"line":67,"column":8}}},"5":{"name":"(anonymous_5)","decl":{"start":{"line":71,"column":35},"end":{"line":71,"column":36}},"loc":{"start":{"line":71,"column":53},"end":{"line":74,"column":3}}},"6":{"name":"(anonymous_6)","decl":{"start":{"line":76,"column":39},"end":{"line":76,"column":40}},"loc":{"start":{"line":76,"column":56},"end":{"line":78,"column":3}}},"7":{"name":"(anonymous_7)","decl":{"start":{"line":80,"column":12},"end":{"line":80,"column":15}},"loc":{"start":{"line":80,"column":17},"end":{"line":82,"column":3}}},"8":{"name":"(anonymous_8)","decl":{"start":{"line":88,"column":13},"end":{"line":88,"column":16}},"loc":{"start":{"line":88,"column":19},"end":{"line":88,"column":77}}}},"branchMap":{"0":{"loc":{"start":{"line":32,"column":45},"end":{"line":32,"column":61}},"type":"default-arg","locations":[{"start":{"line":32,"column":60},"end":{"line":32,"column":61}}]},"1":{"loc":{"start":{"line":32,"column":63},"end":{"line":32,"column":81}},"type":"default-arg","locations":[{"start":{"line":32,"column":79},"end":{"line":32,"column":81}}]},"2":{"loc":{"start":{"line":38,"column":6},"end":{"line":42,"column":7}},"type":"if","locations":[{"start":{"line":38,"column":6},"end":{"line":42,"column":7}},{"start":{"line":40,"column":13},"end":{"line":42,"column":7}}]},"3":{"loc":{"start":{"line":59,"column":15},"end":{"line":59,"column":75}},"type":"cond-expr","locations":[{"start":{"line":59,"column":40},"end":{"line":59,"column":53}},{"start":{"line":59,"column":56},"end":{"line":59,"column":75}}]}},"s":{"0":1,"1":1,"2":1,"3":14,"4":14,"5":14,"6":6,"7":6,"8":6,"9":6,"10":1,"11":5,"12":5,"13":5,"14":1,"15":1,"16":14,"17":1,"18":1,"19":14,"20":1,"21":14,"22":4,"23":14,"24":0,"25":1},"f":{"0":14,"1":6,"2":6,"3":5,"4":1,"5":1,"6":1,"7":4,"8":0},"b":{"0":[4],"1":[4],"2":[1,5],"3":[1,0]}}
,"/opt/repos/react-optimization-accesibility/react-optimization-accesibility/src/services/mockApi.ts": {"path":"/opt/repos/react-optimization-accesibility/react-optimization-accesibility/src/services/mockApi.ts","statementMap":{"0":{"start":{"line":4,"column":36},"end":{"line":117,"column":2}},"1":{"start":{"line":119,"column":14},"end":{"line":119,"column":77}},"2":{"start":{"line":119,"column":30},"end":{"line":119,"column":77}},"3":{"start":{"line":119,"column":53},"end":{"line":119,"column":76}},"4":{"start":{"line":121,"column":13},"end":{"line":161,"column":2}},"5":{"start":{"line":123,"column":4},"end":{"line":123,"column":21}},"6":{"start":{"line":124,"column":21},"end":{"line":124,"column":23}},"7":{"start":{"line":125,"column":23},"end":{"line":125,"column":44}},"8":{"start":{"line":126,"column":21},"end":{"line":126,"column":42}},"9":{"start":{"line":127,"column":23},"end":{"line":127,"column":65}},"10":{"start":{"line":129,"column":4},"end":{"line":137,"column":6}},"11":{"start":{"line":141,"column":4},"end":{"line":141,"column":21}},"12":{"start":{"line":142,"column":31},"end":{"line":143,"column":null}},"13":{"start":{"line":143,"column":6},"end":{"line":143,"column":58}},"14":{"start":{"line":146,"column":21},"end":{"line":146,"column":23}},"15":{"start":{"line":147,"column":23},"end":{"line":147,"column":44}},"16":{"start":{"line":148,"column":21},"end":{"line":148,"column":42}},"17":{"start":{"line":149,"column":23},"end":{"line":149,"column":69}},"18":{"start":{"line":151,"column":4},"end":{"line":159,"column":6}}},"fnMap":{"0":{"name":"(anonymous_0)","decl":{"start":{"line":119,"column":14},"end":{"line":119,"column":15}},"loc":{"start":{"line":119,"column":30},"end":{"line":119,"column":77}}},"1":{"name":"(anonymous_1)","decl":{"start":{"line":119,"column":42},"end":{"line":119,"column":49}},"loc":{"start":{"line":119,"column":53},"end":{"line":119,"column":76}}},"2":{"name":"(anonymous_2)","decl":{"start":{"line":122,"column":17},"end":{"line":122,"column":22}},"loc":{"start":{"line":122,"column":72},"end":{"line":138,"column":3}}},"3":{"name":"(anonymous_3)","decl":{"start":{"line":140,"column":20},"end":{"line":140,"column":25}},"loc":{"start":{"line":140,"column":89},"end":{"line":160,"column":3}}},"4":{"name":"(anonymous_4)","decl":{"start":{"line":142,"column":53},"end":{"line":142,"column":57}},"loc":{"start":{"line":143,"column":6},"end":{"line":143,"column":58}}}},"branchMap":{"0":{"loc":{"start":{"line":122,"column":24},"end":{"line":122,"column":40}},"type":"default-arg","locations":[{"start":{"line":122,"column":39},"end":{"line":122,"column":40}}]},"1":{"loc":{"start":{"line":133,"column":14},"end":{"line":133,"column":75}},"type":"cond-expr","locations":[{"start":{"line":133,"column":49},"end":{"line":133,"column":68}},{"start":{"line":133,"column":71},"end":{"line":133,"column":75}}]},"2":{"loc":{"start":{"line":134,"column":14},"end":{"line":134,"column":51}},"type":"cond-expr","locations":[{"start":{"line":134,"column":25},"end":{"line":134,"column":44}},{"start":{"line":134,"column":47},"end":{"line":134,"column":51}}]},"3":{"loc":{"start":{"line":140,"column":41},"end":{"line":140,"column":57}},"type":"default-arg","locations":[{"start":{"line":140,"column":56},"end":{"line":140,"column":57}}]},"4":{"loc":{"start":{"line":155,"column":14},"end":{"line":155,"column":79}},"type":"cond-expr","locations":[{"start":{"line":155,"column":53},"end":{"line":155,"column":72}},{"start":{"line":155,"column":75},"end":{"line":155,"column":79}}]},"5":{"loc":{"start":{"line":156,"column":14},"end":{"line":156,"column":51}},"type":"cond-expr","locations":[{"start":{"line":156,"column":25},"end":{"line":156,"column":44}},{"start":{"line":156,"column":47},"end":{"line":156,"column":51}}]}},"s":{"0":1,"1":1,"2":7,"3":7,"4":1,"5":3,"6":3,"7":3,"8":3,"9":3,"10":3,"11":4,"12":4,"13":32,"14":4,"15":4,"16":4,"17":4,"18":4},"f":{"0":7,"1":7,"2":3,"3":4,"4":32},"b":{"0":[0],"1":[0,3],"2":[1,2],"3":[4],"4":[0,4],"5":[0,4]}}
}
