TN:
SF:src/components/CharacterCard.tsx
FN:8,(anonymous_0)
FN:9,(anonymous_1)
FNF:2
FNH:2
FNDA:5,(anonymous_0)
FNDA:5,(anonymous_1)
DA:8,1
DA:9,5
DA:10,5
DA:12,3
DA:14,1
DA:16,1
DA:20,5
DA:43,1
LF:8
LH:8
BRDA:10,0,0,3
BRDA:10,0,1,1
BRDA:10,0,2,1
BRF:3
BRH:3
end_of_record
TN:
SF:src/components/LoadingSpinner.tsx
FN:3,(anonymous_0)
FNF:1
FNH:1
FNDA:2,(anonymous_0)
DA:3,1
DA:4,2
DA:11,1
LF:3
LH:3
BRF:0
BRH:0
end_of_record
TN:
SF:src/components/Pagination.tsx
FN:11,(anonymous_0)
FN:18,(anonymous_1)
FN:53,(anonymous_2)
FN:59,(anonymous_3)
FN:67,(anonymous_4)
FN:80,(anonymous_5)
FNF:6
FNH:6
FNDA:8,(anonymous_0)
FNDA:7,(anonymous_1)
FNDA:1,(anonymous_2)
FNDA:35,(anonymous_3)
FNDA:1,(anonymous_4)
FNDA:1,(anonymous_5)
DA:11,1
DA:18,8
DA:19,7
DA:20,7
DA:21,7
DA:23,7
DA:24,7
DA:28,16
DA:31,7
DA:32,1
DA:34,6
DA:37,7
DA:39,7
DA:40,4
DA:41,3
DA:42,3
DA:45,7
DA:48,8
DA:50,7
DA:53,1
DA:60,35
DA:67,1
DA:80,1
DA:89,1
LF:24
LH:24
BRDA:31,0,0,1
BRDA:31,0,1,6
BRDA:39,1,0,4
BRDA:39,1,1,3
BRDA:41,2,0,3
BRDA:41,2,1,0
BRDA:48,3,0,1
BRDA:48,3,1,7
BRDA:53,4,0,1
BRDA:53,4,1,1
BRDA:54,5,0,4
BRDA:54,5,1,3
BRDA:60,6,0,5
BRDA:60,6,1,30
BRDA:69,7,0,7
BRDA:69,7,1,23
BRDA:80,8,0,1
BRDA:80,8,1,1
BRDA:81,9,0,1
BRDA:81,9,1,6
BRF:20
BRH:19
end_of_record
TN:
SF:src/components/SearchBar.tsx
FN:8,(anonymous_0)
FN:11,(anonymous_1)
FN:16,(anonymous_2)
FN:28,(anonymous_3)
FNF:4
FNH:4
FNDA:33,(anonymous_0)
FNDA:3,(anonymous_1)
FNDA:1,(anonymous_2)
FNDA:25,(anonymous_3)
DA:1,1
DA:8,1
DA:9,33
DA:11,33
DA:12,3
DA:13,3
DA:16,33
DA:17,1
DA:18,1
DA:21,33
DA:28,25
DA:53,1
LF:12
LH:12
BRDA:8,0,0,32
BRDA:33,1,0,33
BRDA:33,1,1,25
BRF:3
BRH:3
end_of_record
TN:
SF:src/hooks/useCharacters.ts
FN:17,(anonymous_0)
FN:32,(anonymous_1)
FN:33,(anonymous_2)
FN:44,(anonymous_3)
FN:56,(anonymous_4)
FN:71,(anonymous_5)
FN:76,(anonymous_6)
FN:80,(anonymous_7)
FN:88,(anonymous_8)
FNF:9
FNH:8
FNDA:14,(anonymous_0)
FNDA:6,(anonymous_1)
FNDA:6,(anonymous_2)
FNDA:5,(anonymous_3)
FNDA:1,(anonymous_4)
FNDA:1,(anonymous_5)
FNDA:1,(anonymous_6)
FNDA:4,(anonymous_7)
FNDA:0,(anonymous_8)
DA:1,1
DA:3,1
DA:17,1
DA:18,14
DA:30,14
DA:32,14
DA:33,6
DA:35,6
DA:38,6
DA:39,1
DA:41,5
DA:44,5
DA:56,1
DA:71,14
DA:72,1
DA:73,1
DA:76,14
DA:77,1
DA:80,14
DA:81,4
DA:84,14
DA:88,0
LF:22
LH:21
BRDA:32,0,0,4
BRDA:32,1,0,4
BRDA:38,2,0,1
BRDA:38,2,1,5
BRDA:59,3,0,1
BRDA:59,3,1,0
BRF:6
BRH:5
end_of_record
TN:
SF:src/services/mockApi.ts
FN:119,(anonymous_0)
FN:119,(anonymous_1)
FN:122,(anonymous_2)
FN:140,(anonymous_3)
FN:142,(anonymous_4)
FNF:5
FNH:5
FNDA:7,(anonymous_0)
FNDA:7,(anonymous_1)
FNDA:3,(anonymous_2)
FNDA:4,(anonymous_3)
FNDA:32,(anonymous_4)
DA:4,1
DA:119,7
DA:121,1
DA:123,3
DA:124,3
DA:125,3
DA:126,3
DA:127,3
DA:129,3
DA:141,4
DA:142,4
DA:143,32
DA:146,4
DA:147,4
DA:148,4
DA:149,4
DA:151,4
LF:17
LH:17
BRDA:122,0,0,0
BRDA:133,1,0,0
BRDA:133,1,1,3
BRDA:134,2,0,1
BRDA:134,2,1,2
BRDA:140,3,0,4
BRDA:155,4,0,0
BRDA:155,4,1,4
BRDA:156,5,0,0
BRDA:156,5,1,4
BRF:10
BRH:6
end_of_record
